Loading source file d:\Project\oop1-project-T4--Finite-state_machine-\src\app\Main.java...
Loading source file d:\Project\oop1-project-T4--Finite-state_machine-\src\app\package-info.java...
Loading source file d:\Project\oop1-project-T4--Finite-state_machine-\src\cli\CommandHandler.java...
Loading source file d:\Project\oop1-project-T4--Finite-state_machine-\src\cli\command\Command.java...
Loading source file d:\Project\oop1-project-T4--Finite-state_machine-\src\cli\command\CommandLineTokenizer.java...
Loading source file d:\Project\oop1-project-T4--Finite-state_machine-\src\cli\command\CommandToken.java...
Loading source file d:\Project\oop1-project-T4--Finite-state_machine-\src\cli\command\package-info.java...
Loading source file d:\Project\oop1-project-T4--Finite-state_machine-\src\cli\command\commands\AbstractArityCommand.java...
Loading source file d:\Project\oop1-project-T4--Finite-state_machine-\src\cli\command\commands\package-info.java...
Loading source file d:\Project\oop1-project-T4--Finite-state_machine-\src\cli\command\commands\base\ExitCommand.java...
Loading source file d:\Project\oop1-project-T4--Finite-state_machine-\src\cli\command\commands\base\HelpCommand.java...
Loading source file d:\Project\oop1-project-T4--Finite-state_machine-\src\cli\command\commands\base\package-info.java...
Loading source file d:\Project\oop1-project-T4--Finite-state_machine-\src\cli\command\commands\file\CloseCommand.java...
Loading source file d:\Project\oop1-project-T4--Finite-state_machine-\src\cli\command\commands\file\OpenCommand.java...
Loading source file d:\Project\oop1-project-T4--Finite-state_machine-\src\cli\command\commands\file\package-info.java...
Loading source file d:\Project\oop1-project-T4--Finite-state_machine-\src\cli\command\commands\file\SaveAsCommand.java...
Loading source file d:\Project\oop1-project-T4--Finite-state_machine-\src\cli\command\commands\file\SaveCommand.java...
Loading source file d:\Project\oop1-project-T4--Finite-state_machine-\src\cli\command\commands\machine\CliIdParser.java...
Loading source file d:\Project\oop1-project-T4--Finite-state_machine-\src\cli\command\commands\machine\ConcatCommand.java...
Loading source file d:\Project\oop1-project-T4--Finite-state_machine-\src\cli\command\commands\machine\DeterministicCommand.java...
Loading source file d:\Project\oop1-project-T4--Finite-state_machine-\src\cli\command\commands\machine\EmptyCommand.java...
Loading source file d:\Project\oop1-project-T4--Finite-state_machine-\src\cli\command\commands\machine\ListCommand.java...
Loading source file d:\Project\oop1-project-T4--Finite-state_machine-\src\cli\command\commands\machine\package-info.java...
Loading source file d:\Project\oop1-project-T4--Finite-state_machine-\src\cli\command\commands\machine\PrintCommand.java...
Loading source file d:\Project\oop1-project-T4--Finite-state_machine-\src\cli\command\commands\machine\RecognizeCommand.java...
Loading source file d:\Project\oop1-project-T4--Finite-state_machine-\src\cli\command\commands\machine\RegCommand.java...
Loading source file d:\Project\oop1-project-T4--Finite-state_machine-\src\cli\command\commands\machine\SaveMachineCommand.java...
Loading source file d:\Project\oop1-project-T4--Finite-state_machine-\src\cli\command\commands\machine\UnCommand.java...
Loading source file d:\Project\oop1-project-T4--Finite-state_machine-\src\cli\command\commands\machine\UnionCommand.java...
Loading source file d:\Project\oop1-project-T4--Finite-state_machine-\src\cli\command\factory\CommandFactory.java...
Loading source file d:\Project\oop1-project-T4--Finite-state_machine-\src\cli\command\factory\CommandFactoryRegistry.java...
Loading source file d:\Project\oop1-project-T4--Finite-state_machine-\src\cli\command\factory\package-info.java...
Loading source file d:\Project\oop1-project-T4--Finite-state_machine-\src\cli\command\factory\impl\CloseCommandFactory.java...
Loading source file d:\Project\oop1-project-T4--Finite-state_machine-\src\cli\command\factory\impl\ConcatCommandFactory.java...
Loading source file d:\Project\oop1-project-T4--Finite-state_machine-\src\cli\command\factory\impl\DeterministicCommandFactory.java...
Loading source file d:\Project\oop1-project-T4--Finite-state_machine-\src\cli\command\factory\impl\EmptyCommandFactory.java...
Loading source file d:\Project\oop1-project-T4--Finite-state_machine-\src\cli\command\factory\impl\ExitCommandFactory.java...
Loading source file d:\Project\oop1-project-T4--Finite-state_machine-\src\cli\command\factory\impl\HelpCommandFactory.java...
Loading source file d:\Project\oop1-project-T4--Finite-state_machine-\src\cli\command\factory\impl\ListCommandFactory.java...
Loading source file d:\Project\oop1-project-T4--Finite-state_machine-\src\cli\command\factory\impl\OpenCommandFactory.java...
Loading source file d:\Project\oop1-project-T4--Finite-state_machine-\src\cli\command\factory\impl\package-info.java...
Loading source file d:\Project\oop1-project-T4--Finite-state_machine-\src\cli\command\factory\impl\PrintCommandFactory.java...
Loading source file d:\Project\oop1-project-T4--Finite-state_machine-\src\cli\command\factory\impl\RecognizeCommandFactory.java...
Loading source file d:\Project\oop1-project-T4--Finite-state_machine-\src\cli\command\factory\impl\RegCommandFactory.java...
Loading source file d:\Project\oop1-project-T4--Finite-state_machine-\src\cli\command\factory\impl\SaveAsCommandFactory.java...
Loading source file d:\Project\oop1-project-T4--Finite-state_machine-\src\cli\command\factory\impl\SaveCommandFactory.java...
Loading source file d:\Project\oop1-project-T4--Finite-state_machine-\src\cli\command\factory\impl\SaveMachineCommandFactory.java...
Loading source file d:\Project\oop1-project-T4--Finite-state_machine-\src\cli\command\factory\impl\UnCommandFactory.java...
Loading source file d:\Project\oop1-project-T4--Finite-state_machine-\src\cli\command\factory\impl\UnionCommandFactory.java...
Loading source file d:\Project\oop1-project-T4--Finite-state_machine-\src\cli\operations\Operation.java...
Loading source file d:\Project\oop1-project-T4--Finite-state_machine-\src\cli\operations\package-info.java...
Loading source file d:\Project\oop1-project-T4--Finite-state_machine-\src\cli\runtime\CliContext.java...
Loading source file d:\Project\oop1-project-T4--Finite-state_machine-\src\cli\runtime\package-info.java...
Loading source file d:\Project\oop1-project-T4--Finite-state_machine-\src\exceptions\cli\CliException.java...
Loading source file d:\Project\oop1-project-T4--Finite-state_machine-\src\exceptions\cli\InvalidCommandArgumentsException.java...
Loading source file d:\Project\oop1-project-T4--Finite-state_machine-\src\exceptions\cli\package-info.java...
Loading source file d:\Project\oop1-project-T4--Finite-state_machine-\src\exceptions\cli\UnknownCommandTokenException.java...
Loading source file d:\Project\oop1-project-T4--Finite-state_machine-\src\exceptions\facade\MachineNotFoundException.java...
Loading source file d:\Project\oop1-project-T4--Finite-state_machine-\src\exceptions\facade\package-info.java...
Loading source file d:\Project\oop1-project-T4--Finite-state_machine-\src\exceptions\graph\DuplicateEdgeException.java...
Loading source file d:\Project\oop1-project-T4--Finite-state_machine-\src\exceptions\graph\DuplicateNodeException.java...
Loading source file d:\Project\oop1-project-T4--Finite-state_machine-\src\exceptions\graph\EdgeNotFoundException.java...
Loading source file d:\Project\oop1-project-T4--Finite-state_machine-\src\exceptions\graph\GraphException.java...
Loading source file d:\Project\oop1-project-T4--Finite-state_machine-\src\exceptions\graph\InvalidNodeNameException.java...
Loading source file d:\Project\oop1-project-T4--Finite-state_machine-\src\exceptions\graph\NodeNotFoundException.java...
Loading source file d:\Project\oop1-project-T4--Finite-state_machine-\src\exceptions\graph\package-info.java...
Loading source file d:\Project\oop1-project-T4--Finite-state_machine-\src\exceptions\machine\InvalidAlphabetException.java...
Loading source file d:\Project\oop1-project-T4--Finite-state_machine-\src\exceptions\machine\InvalidStateException.java...
Loading source file d:\Project\oop1-project-T4--Finite-state_machine-\src\exceptions\machine\InvalidSymbolException.java...
Loading source file d:\Project\oop1-project-T4--Finite-state_machine-\src\exceptions\machine\MachineException.java...
Loading source file d:\Project\oop1-project-T4--Finite-state_machine-\src\exceptions\machine\package-info.java...
Loading source file d:\Project\oop1-project-T4--Finite-state_machine-\src\exceptions\regex\package-info.java...
Loading source file d:\Project\oop1-project-T4--Finite-state_machine-\src\exceptions\regex\RegexParseException.java...
Loading source file d:\Project\oop1-project-T4--Finite-state_machine-\src\io\FileSystem.java...
Loading source file d:\Project\oop1-project-T4--Finite-state_machine-\src\io\MachineXmlStore.java...
Loading source file d:\Project\oop1-project-T4--Finite-state_machine-\src\io\package-info.java...
Loading source file d:\Project\oop1-project-T4--Finite-state_machine-\src\io\RegistryFileSession.java...
Loading source file d:\Project\oop1-project-T4--Finite-state_machine-\src\io\TextDatabase.java...
Loading source file d:\Project\oop1-project-T4--Finite-state_machine-\src\machine\MachineFacade.java...
Loading source file d:\Project\oop1-project-T4--Finite-state_machine-\src\machine\MachineRegistry.java...
Loading source file d:\Project\oop1-project-T4--Finite-state_machine-\src\machine\MultiedgeFinateLogicMachine.java...
Loading source file d:\Project\oop1-project-T4--Finite-state_machine-\src\machine\package-info.java...
Loading source file d:\Project\oop1-project-T4--Finite-state_machine-\src\machine\RegexParser.java...
Loading source file d:\Project\oop1-project-T4--Finite-state_machine-\src\machine\graph\base\Edge.java...
Loading source file d:\Project\oop1-project-T4--Finite-state_machine-\src\machine\graph\base\Graph.java...
Loading source file d:\Project\oop1-project-T4--Finite-state_machine-\src\machine\graph\base\Node.java...
Loading source file d:\Project\oop1-project-T4--Finite-state_machine-\src\machine\graph\base\package-info.java...
Loading source file d:\Project\oop1-project-T4--Finite-state_machine-\src\machine\graph\mdg\MDGEdge.java...
Loading source file d:\Project\oop1-project-T4--Finite-state_machine-\src\machine\graph\mdg\MDGNode.java...
Loading source file d:\Project\oop1-project-T4--Finite-state_machine-\src\machine\graph\mdg\MultiedgeDirectedGraph.java...
Loading source file d:\Project\oop1-project-T4--Finite-state_machine-\src\machine\graph\mdg\package-info.java...
Loading source file d:\Project\oop1-project-T4--Finite-state_machine-\src\regex\package-info.java...
Loading source file d:\Project\oop1-project-T4--Finite-state_machine-\src\regex\RegexParser.java...
Loading source file d:\Project\oop1-project-T4--Finite-state_machine-\src\regex\RegexToken.java...
Loading source file d:\Project\oop1-project-T4--Finite-state_machine-\src\regex\RegexTokenizer.java...
Loading source file d:\Project\oop1-project-T4--Finite-state_machine-\src\regex\RegexToPostfix.java...
Loading source file d:\Project\oop1-project-T4--Finite-state_machine-\src\regex\ThompsonBuilder.java...
Loading source file d:\Project\oop1-project-T4--Finite-state_machine-\src\util\IPrinter.java...
Loading source file d:\Project\oop1-project-T4--Finite-state_machine-\src\util\package-info.java...
Constructing Javadoc information...
Building index for all the packages and classes...
Standard Doclet version 21.0.9+10-LTS
Building tree for all the packages and classes...
Generating javadoc_pkginfo\cli\command\commands\AbstractArityCommand.html...
Generating javadoc_pkginfo\cli\runtime\CliContext.html...
Generating javadoc_pkginfo\exceptions\cli\CliException.html...
d:\Project\oop1-project-T4--Finite-state_machine-\src\exceptions\cli\CliException.java:3: warning: no comment
public class CliException extends Exception {
       ^
d:\Project\oop1-project-T4--Finite-state_machine-\src\exceptions\cli\CliException.java:4: warning: no comment
    public CliException(String message) {
           ^
d:\Project\oop1-project-T4--Finite-state_machine-\src\exceptions\cli\CliException.java:8: warning: no comment
    public CliException(String message, Throwable cause) {
           ^
Generating javadoc_pkginfo\cli\command\commands\file\CloseCommand.html...
Generating javadoc_pkginfo\cli\command\factory\impl\CloseCommandFactory.html...
d:\Project\oop1-project-T4--Finite-state_machine-\src\cli\command\factory\CommandFactory.java:27: warning: no main description
     * @return ???????, ?? ????? ???? ??????? ??????? ???????
       ^
d:\Project\oop1-project-T4--Finite-state_machine-\src\cli\command\factory\impl\CloseCommandFactory.java:10: warning: no comment
public class CloseCommandFactory implements CommandFactory {
       ^
d:\Project\oop1-project-T4--Finite-state_machine-\src\cli\command\factory\impl\CloseCommandFactory.java:13: warning: no comment
    public CloseCommandFactory(CliContext ctx) {
           ^
Generating javadoc_pkginfo\cli\command\Command.html...
Generating javadoc_pkginfo\cli\command\factory\CommandFactory.html...
Generating javadoc_pkginfo\cli\command\factory\CommandFactoryRegistry.html...
d:\Project\oop1-project-T4--Finite-state_machine-\src\cli\command\factory\CommandFactoryRegistry.java:30: warning: use of default constructor, which does not provide a comment
public class CommandFactoryRegistry {
       ^
Generating javadoc_pkginfo\cli\command\CommandHandler.html...
d:\Project\oop1-project-T4--Finite-state_machine-\src\cli\CommandHandler.java:80: warning: no comment
    public static CommandHandler getInstance() {
                                 ^
Generating javadoc_pkginfo\cli\command\CommandToken.html...
d:\Project\oop1-project-T4--Finite-state_machine-\src\cli\command\CommandToken.java:25: warning: no comment
    CLOSE,
    ^
d:\Project\oop1-project-T4--Finite-state_machine-\src\cli\command\CommandToken.java:37: warning: no comment
    CONCAT,
    ^
d:\Project\oop1-project-T4--Finite-state_machine-\src\cli\command\CommandToken.java:34: warning: no comment
    DETERMINISTIC,
    ^
d:\Project\oop1-project-T4--Finite-state_machine-\src\cli\command\CommandToken.java:33: warning: no comment
    EMPTY,
    ^
d:\Project\oop1-project-T4--Finite-state_machine-\src\cli\command\CommandToken.java:29: warning: no comment
    EXIT,
    ^
d:\Project\oop1-project-T4--Finite-state_machine-\src\cli\command\CommandToken.java:28: warning: no comment
    HELP,
    ^
d:\Project\oop1-project-T4--Finite-state_machine-\src\cli\command\CommandToken.java:30: warning: no comment
    LIST,
    ^
d:\Project\oop1-project-T4--Finite-state_machine-\src\cli\command\CommandToken.java:24: warning: no comment
    OPEN,
    ^
d:\Project\oop1-project-T4--Finite-state_machine-\src\cli\command\CommandToken.java:31: warning: no comment
    PRINT,
    ^
d:\Project\oop1-project-T4--Finite-state_machine-\src\cli\command\CommandToken.java:35: warning: no comment
    RECOGNIZE,
    ^
d:\Project\oop1-project-T4--Finite-state_machine-\src\cli\command\CommandToken.java:39: warning: no comment
    REG;
    ^
d:\Project\oop1-project-T4--Finite-state_machine-\src\cli\command\CommandToken.java:26: warning: no comment
    SAVE,
    ^
d:\Project\oop1-project-T4--Finite-state_machine-\src\cli\command\CommandToken.java:27: warning: no comment
    SAVE_AS,
    ^
d:\Project\oop1-project-T4--Finite-state_machine-\src\cli\command\CommandToken.java:32: warning: no comment
    SAVEM,
    ^
d:\Project\oop1-project-T4--Finite-state_machine-\src\cli\command\CommandToken.java:38: warning: no comment
    UN,
    ^
d:\Project\oop1-project-T4--Finite-state_machine-\src\cli\command\CommandToken.java:36: warning: no comment
    UNION,
    ^
Generating javadoc_pkginfo\cli\command\commands\machine\ConcatCommand.html...
Generating javadoc_pkginfo\cli\command\factory\impl\ConcatCommandFactory.html...
d:\Project\oop1-project-T4--Finite-state_machine-\src\cli\command\factory\impl\ConcatCommandFactory.java:10: warning: no comment
public class ConcatCommandFactory implements CommandFactory {
       ^
d:\Project\oop1-project-T4--Finite-state_machine-\src\cli\command\factory\impl\ConcatCommandFactory.java:13: warning: no comment
    public ConcatCommandFactory(CliContext ctx) {
           ^
Generating javadoc_pkginfo\cli\command\commands\machine\DeterministicCommand.html...
Generating javadoc_pkginfo\cli\command\factory\impl\DeterministicCommandFactory.html...
d:\Project\oop1-project-T4--Finite-state_machine-\src\cli\command\factory\impl\DeterministicCommandFactory.java:10: warning: no comment
public class DeterministicCommandFactory implements CommandFactory {
       ^
d:\Project\oop1-project-T4--Finite-state_machine-\src\cli\command\factory\impl\DeterministicCommandFactory.java:13: warning: no comment
    public DeterministicCommandFactory(CliContext ctx) {
           ^
Generating javadoc_pkginfo\exceptions\graph\DuplicateEdgeException.html...
d:\Project\oop1-project-T4--Finite-state_machine-\src\exceptions\graph\DuplicateEdgeException.java:3: warning: no comment
public class DuplicateEdgeException extends GraphException {
       ^
d:\Project\oop1-project-T4--Finite-state_machine-\src\exceptions\graph\DuplicateEdgeException.java:4: warning: no comment
    public DuplicateEdgeException(String message) {
           ^
Generating javadoc_pkginfo\exceptions\graph\DuplicateNodeException.html...
d:\Project\oop1-project-T4--Finite-state_machine-\src\exceptions\graph\DuplicateNodeException.java:3: warning: no comment
public class DuplicateNodeException extends GraphException {
       ^
d:\Project\oop1-project-T4--Finite-state_machine-\src\exceptions\graph\DuplicateNodeException.java:4: warning: no comment
    public DuplicateNodeException(String message) {
           ^
Generating javadoc_pkginfo\graph\base\Edge.html...
d:\Project\oop1-project-T4--Finite-state_machine-\src\machine\graph\base\Edge.java:3: warning: no comment
public interface Edge<N extends Node<?>> {
       ^
d:\Project\oop1-project-T4--Finite-state_machine-\src\machine\graph\base\Edge.java:4: warning: no comment
    N getFrom();
      ^
d:\Project\oop1-project-T4--Finite-state_machine-\src\machine\graph\base\Edge.java:8: warning: no comment
    Character getLabel();
              ^
d:\Project\oop1-project-T4--Finite-state_machine-\src\machine\graph\base\Edge.java:6: warning: no comment
    N getTo();
      ^
Generating javadoc_pkginfo\exceptions\graph\EdgeNotFoundException.html...
d:\Project\oop1-project-T4--Finite-state_machine-\src\exceptions\graph\EdgeNotFoundException.java:3: warning: no comment
public class EdgeNotFoundException extends GraphException {
       ^
d:\Project\oop1-project-T4--Finite-state_machine-\src\exceptions\graph\EdgeNotFoundException.java:4: warning: no comment
    public EdgeNotFoundException(String message) {
           ^
Generating javadoc_pkginfo\cli\command\commands\machine\EmptyCommand.html...
Generating javadoc_pkginfo\cli\command\factory\impl\EmptyCommandFactory.html...
d:\Project\oop1-project-T4--Finite-state_machine-\src\cli\command\factory\impl\EmptyCommandFactory.java:10: warning: no comment
public class EmptyCommandFactory implements CommandFactory {
       ^
d:\Project\oop1-project-T4--Finite-state_machine-\src\cli\command\factory\impl\EmptyCommandFactory.java:13: warning: no comment
    public EmptyCommandFactory(CliContext ctx) {
           ^
Generating javadoc_pkginfo\cli\command\commands\base\ExitCommand.html...
Generating javadoc_pkginfo\cli\command\factory\impl\ExitCommandFactory.html...
d:\Project\oop1-project-T4--Finite-state_machine-\src\cli\command\factory\impl\ExitCommandFactory.java:10: warning: no comment
public class ExitCommandFactory implements CommandFactory {
       ^
d:\Project\oop1-project-T4--Finite-state_machine-\src\cli\command\factory\impl\ExitCommandFactory.java:13: warning: no comment
    public ExitCommandFactory(CliContext ctx) {
           ^
Generating javadoc_pkginfo\graph\base\Graph.html...
d:\Project\oop1-project-T4--Finite-state_machine-\src\machine\graph\base\Graph.java:8: warning: no comment
public interface Graph<N extends Node<E>, E extends Edge<N>> {
       ^
d:\Project\oop1-project-T4--Finite-state_machine-\src\machine\graph\base\Graph.java:17: warning: no comment
    void addEdge(N from, E edge) throws GraphException;
         ^
d:\Project\oop1-project-T4--Finite-state_machine-\src\machine\graph\base\Graph.java:23: warning: no comment
    void cut(N node1, N node2) throws GraphException;
         ^
d:\Project\oop1-project-T4--Finite-state_machine-\src\machine\graph\base\Graph.java:27: warning: no comment
    int getEdgesCount();
        ^
d:\Project\oop1-project-T4--Finite-state_machine-\src\machine\graph\base\Graph.java:29: warning: no comment
    int getEdgesCount(N node) throws GraphException;
        ^
d:\Project\oop1-project-T4--Finite-state_machine-\src\machine\graph\base\Graph.java:25: warning: no comment
    int getNodeCount();
        ^
d:\Project\oop1-project-T4--Finite-state_machine-\src\machine\graph\base\Graph.java:9: warning: no comment
    List<N> getNodes();
            ^
d:\Project\oop1-project-T4--Finite-state_machine-\src\machine\graph\base\Graph.java:21: warning: no comment
    boolean hasEdge(N from, E edge) throws GraphException;
            ^
d:\Project\oop1-project-T4--Finite-state_machine-\src\machine\graph\base\Graph.java:15: warning: no comment
    boolean hasNode(N node) throws GraphException;
            ^
d:\Project\oop1-project-T4--Finite-state_machine-\src\machine\graph\base\Graph.java:11: warning: no comment
    void putNode(N node) throws GraphException;
         ^
d:\Project\oop1-project-T4--Finite-state_machine-\src\machine\graph\base\Graph.java:19: warning: no comment
    void removeEdge(N from, E edge) throws GraphException;
         ^
d:\Project\oop1-project-T4--Finite-state_machine-\src\machine\graph\base\Graph.java:13: warning: no comment
    void removeNode(N node) throws GraphException;
         ^
Generating javadoc_pkginfo\exceptions\graph\GraphException.html...
d:\Project\oop1-project-T4--Finite-state_machine-\src\exceptions\graph\GraphException.java:3: warning: no comment
public class GraphException extends Exception {
       ^
d:\Project\oop1-project-T4--Finite-state_machine-\src\exceptions\graph\GraphException.java:4: warning: no comment
    public GraphException(String message) {
           ^
d:\Project\oop1-project-T4--Finite-state_machine-\src\exceptions\graph\GraphException.java:8: warning: no comment
    public GraphException(String message, Throwable cause) {
           ^
Generating javadoc_pkginfo\cli\command\commands\base\HelpCommand.html...
Generating javadoc_pkginfo\cli\command\factory\impl\HelpCommandFactory.html...
d:\Project\oop1-project-T4--Finite-state_machine-\src\cli\command\factory\impl\HelpCommandFactory.java:10: warning: no comment
public class HelpCommandFactory implements CommandFactory {
       ^
d:\Project\oop1-project-T4--Finite-state_machine-\src\cli\command\factory\impl\HelpCommandFactory.java:13: warning: no comment
    public HelpCommandFactory(CliContext ctx) {
           ^
Generating javadoc_pkginfo\exceptions\machine\InvalidAlphabetException.html...
d:\Project\oop1-project-T4--Finite-state_machine-\src\exceptions\machine\InvalidAlphabetException.java:3: warning: no comment
public class InvalidAlphabetException extends MachineException {
       ^
d:\Project\oop1-project-T4--Finite-state_machine-\src\exceptions\machine\InvalidAlphabetException.java:4: warning: no comment
    public InvalidAlphabetException(String message) {
           ^
Generating javadoc_pkginfo\exceptions\cli\InvalidCommandArgumentsException.html...
d:\Project\oop1-project-T4--Finite-state_machine-\src\exceptions\cli\InvalidCommandArgumentsException.java:3: warning: no comment
public class InvalidCommandArgumentsException extends CliException {
       ^
d:\Project\oop1-project-T4--Finite-state_machine-\src\exceptions\cli\InvalidCommandArgumentsException.java:4: warning: no comment
    public InvalidCommandArgumentsException(String message) {
           ^
Generating javadoc_pkginfo\exceptions\graph\InvalidNodeNameException.html...
d:\Project\oop1-project-T4--Finite-state_machine-\src\exceptions\graph\InvalidNodeNameException.java:3: warning: no comment
public class InvalidNodeNameException extends GraphException {
       ^
d:\Project\oop1-project-T4--Finite-state_machine-\src\exceptions\graph\InvalidNodeNameException.java:4: warning: no comment
    public InvalidNodeNameException(String message) {
           ^
Generating javadoc_pkginfo\exceptions\machine\InvalidStateException.html...
d:\Project\oop1-project-T4--Finite-state_machine-\src\exceptions\machine\InvalidStateException.java:3: warning: no comment
public class InvalidStateException extends MachineException {
       ^
d:\Project\oop1-project-T4--Finite-state_machine-\src\exceptions\machine\InvalidStateException.java:4: warning: no comment
    public InvalidStateException(String message) {
           ^
Generating javadoc_pkginfo\exceptions\machine\InvalidSymbolException.html...
d:\Project\oop1-project-T4--Finite-state_machine-\src\exceptions\machine\InvalidSymbolException.java:3: warning: no comment
public class InvalidSymbolException extends MachineException {
       ^
d:\Project\oop1-project-T4--Finite-state_machine-\src\exceptions\machine\InvalidSymbolException.java:4: warning: no comment
    public InvalidSymbolException(String message) {
           ^
Generating javadoc_pkginfo\util\IPrinter.html...
d:\Project\oop1-project-T4--Finite-state_machine-\src\util\IPrinter.java:3: warning: no comment
public interface IPrinter {
       ^
d:\Project\oop1-project-T4--Finite-state_machine-\src\util\IPrinter.java:4: warning: no comment
    void print();
         ^
Generating javadoc_pkginfo\cli\command\commands\machine\ListCommand.html...
Generating javadoc_pkginfo\cli\command\factory\impl\ListCommandFactory.html...
d:\Project\oop1-project-T4--Finite-state_machine-\src\cli\command\factory\impl\ListCommandFactory.java:10: warning: no comment
public class ListCommandFactory implements CommandFactory {
       ^
d:\Project\oop1-project-T4--Finite-state_machine-\src\cli\command\factory\impl\ListCommandFactory.java:13: warning: no comment
    public ListCommandFactory(CliContext ctx) {
           ^
Generating javadoc_pkginfo\exceptions\machine\MachineException.html...
d:\Project\oop1-project-T4--Finite-state_machine-\src\exceptions\machine\MachineException.java:3: warning: no comment
public class MachineException extends Exception {
       ^
d:\Project\oop1-project-T4--Finite-state_machine-\src\exceptions\machine\MachineException.java:4: warning: no comment
    public MachineException(String message) {
           ^
d:\Project\oop1-project-T4--Finite-state_machine-\src\exceptions\machine\MachineException.java:8: warning: no comment
    public MachineException(String message, Throwable cause) {
           ^
Generating javadoc_pkginfo\machine\MachineFacade.html...
d:\Project\oop1-project-T4--Finite-state_machine-\src\machine\MachineFacade.java:25: warning: no comment
    public MachineFacade(MachineRegistry registry) {
           ^
d:\Project\oop1-project-T4--Finite-state_machine-\src\machine\MachineFacade.java:66: warning: no comment
    public int concat(int id1, int id2) throws GraphException, InvalidStateException, InvalidSymbolException, InvalidAlphabetException {
               ^
d:\Project\oop1-project-T4--Finite-state_machine-\src\machine\MachineFacade.java:46: warning: no comment
    public boolean deterministic(int id) throws InvalidStateException, InvalidSymbolException {
                   ^
d:\Project\oop1-project-T4--Finite-state_machine-\src\machine\MachineFacade.java:42: warning: no comment
    public boolean empty(int id) throws InvalidStateException {
                   ^
d:\Project\oop1-project-T4--Finite-state_machine-\src\machine\MachineFacade.java:105: warning: no comment
    public String formatMachine(int id) throws InvalidStateException {
                  ^
d:\Project\oop1-project-T4--Finite-state_machine-\src\machine\MachineFacade.java:29: warning: no comment
    public Set<Integer> listIds() {
                        ^
d:\Project\oop1-project-T4--Finite-state_machine-\src\machine\MachineFacade.java:50: warning: no comment
    public boolean recognize(int id, String word) throws InvalidStateException, InvalidSymbolException {
                   ^
d:\Project\oop1-project-T4--Finite-state_machine-\src\machine\MachineFacade.java:33: warning: no comment
    public int reg(String regex) throws RegexParseException {
               ^
d:\Project\oop1-project-T4--Finite-state_machine-\src\machine\MachineFacade.java:78: warning: no comment
    public int un(int id) throws GraphException, InvalidStateException, InvalidSymbolException, InvalidAlphabetException {
               ^
d:\Project\oop1-project-T4--Finite-state_machine-\src\machine\MachineFacade.java:54: warning: no comment
    public int union(int id1, int id2) throws GraphException, InvalidStateException, InvalidSymbolException, InvalidAlphabetException {
               ^
Generating javadoc_pkginfo\exceptions\facade\MachineNotFoundException.html...
d:\Project\oop1-project-T4--Finite-state_machine-\src\exceptions\facade\MachineNotFoundException.java:3: warning: no comment
public class MachineNotFoundException extends RuntimeException {
       ^
d:\Project\oop1-project-T4--Finite-state_machine-\src\exceptions\facade\MachineNotFoundException.java:4: warning: no comment
    public MachineNotFoundException(String message) {
           ^
Generating javadoc_pkginfo\machine\MachineRegistry.html...
d:\Project\oop1-project-T4--Finite-state_machine-\src\machine\MachineRegistry.java:15: warning: use of default constructor, which does not provide a comment
public final class MachineRegistry {
             ^
d:\Project\oop1-project-T4--Finite-state_machine-\src\machine\MachineRegistry.java:34: warning: no comment
    public void clear() {
                ^
d:\Project\oop1-project-T4--Finite-state_machine-\src\machine\MachineRegistry.java:49: warning: no comment
    public MultiedgeFinateLogicMachine get(int id) {
                                       ^
d:\Project\oop1-project-T4--Finite-state_machine-\src\machine\MachineRegistry.java:57: warning: no comment
    public Set<Integer> ids() {
                        ^
d:\Project\oop1-project-T4--Finite-state_machine-\src\machine\MachineRegistry.java:26: warning: no comment
    public void put(int id, MultiedgeFinateLogicMachine machine) {
                ^
d:\Project\oop1-project-T4--Finite-state_machine-\src\machine\MachineRegistry.java:19: warning: no comment
    public int register(MultiedgeFinateLogicMachine machine) {
               ^
d:\Project\oop1-project-T4--Finite-state_machine-\src\machine\MachineRegistry.java:39: warning: no comment
    public void resetNextIdAfterLoad() {
                ^
Generating javadoc_pkginfo\io\MachineXmlStore.html...
d:\Project\oop1-project-T4--Finite-state_machine-\src\io\MachineXmlStore.java:63: warning: use of default constructor, which does not provide a comment
public final class MachineXmlStore {
             ^
d:\Project\oop1-project-T4--Finite-state_machine-\src\io\MachineXmlStore.java:65: warning: no comment
    public MachineRegistry load(Path file) throws IOException {
                           ^
d:\Project\oop1-project-T4--Finite-state_machine-\src\io\MachineXmlStore.java:97: warning: no comment
    public void save(Path file, MachineRegistry registry) throws IOException {
                ^
d:\Project\oop1-project-T4--Finite-state_machine-\src\io\MachineXmlStore.java:111: warning: no comment
    public void saveSingle(Path file, int id, MultiedgeFinateLogicMachine machine) throws IOException {
                ^
Generating javadoc_pkginfo\app\Main.html...
d:\Project\oop1-project-T4--Finite-state_machine-\src\app\Main.java:7: warning: no comment
public class Main {
       ^
Generating javadoc_pkginfo\graph\mdg\MDGEdge.html...
Generating javadoc_pkginfo\graph\mdg\MDGNode.html...
Generating javadoc_pkginfo\graph\mdg\MultiedgeDirectedGraph.html...
Generating javadoc_pkginfo\machine\MultiedgeFinateLogicMachine.html...
Generating javadoc_pkginfo\graph\base\Node.html...
Generating javadoc_pkginfo\exceptions\graph\NodeNotFoundException.html...
Generating javadoc_pkginfo\cli\command\commands\file\OpenCommand.html...
Generating javadoc_pkginfo\cli\command\factory\impl\OpenCommandFactory.html...
Generating javadoc_pkginfo\cli\operations\Operation.html...
Generating javadoc_pkginfo\cli\command\commands\machine\PrintCommand.html...
Generating javadoc_pkginfo\cli\command\factory\impl\PrintCommandFactory.html...
Generating javadoc_pkginfo\cli\command\commands\machine\RecognizeCommand.html...
Generating javadoc_pkginfo\cli\command\factory\impl\RecognizeCommandFactory.html...
Generating javadoc_pkginfo\cli\command\commands\machine\RegCommand.html...
Generating javadoc_pkginfo\cli\command\factory\impl\RegCommandFactory.html...
Generating javadoc_pkginfo\exceptions\regex\RegexParseException.html...
Generating javadoc_pkginfo\machine\RegexParser.html...
Generating javadoc_pkginfo\regex\RegexParser.html...
Generating javadoc_pkginfo\io\RegistryFileSession.html...
Generating javadoc_pkginfo\cli\command\commands\file\SaveAsCommand.html...
Generating javadoc_pkginfo\cli\command\factory\impl\SaveAsCommandFactory.html...
Generating javadoc_pkginfo\cli\command\commands\file\SaveCommand.html...
Generating javadoc_pkginfo\cli\command\factory\impl\SaveCommandFactory.html...
Generating javadoc_pkginfo\cli\command\commands\machine\SaveMachineCommand.html...
Generating javadoc_pkginfo\cli\command\factory\impl\SaveMachineCommandFactory.html...
Generating javadoc_pkginfo\io\TextDatabase.html...
Generating javadoc_pkginfo\cli\command\commands\machine\UnCommand.html...
Generating javadoc_pkginfo\cli\command\factory\impl\UnCommandFactory.html...
Generating javadoc_pkginfo\cli\command\commands\machine\UnionCommand.html...
Generating javadoc_pkginfo\cli\command\factory\impl\UnionCommandFactory.html...
Generating javadoc_pkginfo\exceptions\cli\UnknownCommandTokenException.html...
Generating javadoc_pkginfo\app\package-summary.html...
Generating javadoc_pkginfo\app\package-tree.html...
Generating javadoc_pkginfo\cli\command\package-summary.html...
Generating javadoc_pkginfo\cli\command\package-tree.html...
Generating javadoc_pkginfo\cli\command\commands\package-summary.html...
Generating javadoc_pkginfo\cli\command\commands\package-tree.html...
Generating javadoc_pkginfo\cli\command\commands\base\package-summary.html...
Generating javadoc_pkginfo\cli\command\commands\base\package-tree.html...
Generating javadoc_pkginfo\cli\command\commands\file\package-summary.html...
Generating javadoc_pkginfo\cli\command\commands\file\package-tree.html...
Generating javadoc_pkginfo\cli\command\commands\machine\package-summary.html...
Generating javadoc_pkginfo\cli\command\commands\machine\package-tree.html...
Generating javadoc_pkginfo\cli\command\factory\package-summary.html...
Generating javadoc_pkginfo\cli\command\factory\package-tree.html...
Generating javadoc_pkginfo\cli\command\factory\impl\package-summary.html...
Generating javadoc_pkginfo\cli\command\factory\impl\package-tree.html...
Generating javadoc_pkginfo\cli\operations\package-summary.html...
Generating javadoc_pkginfo\cli\operations\package-tree.html...
Generating javadoc_pkginfo\cli\runtime\package-summary.html...
Generating javadoc_pkginfo\cli\runtime\package-tree.html...
Generating javadoc_pkginfo\exceptions\cli\package-summary.html...
Generating javadoc_pkginfo\exceptions\cli\package-tree.html...
Generating javadoc_pkginfo\exceptions\facade\package-summary.html...
Generating javadoc_pkginfo\exceptions\facade\package-tree.html...
Generating javadoc_pkginfo\exceptions\graph\package-summary.html...
Generating javadoc_pkginfo\exceptions\graph\package-tree.html...
Generating javadoc_pkginfo\exceptions\machine\package-summary.html...
Generating javadoc_pkginfo\exceptions\machine\package-tree.html...
Generating javadoc_pkginfo\exceptions\regex\package-summary.html...
Generating javadoc_pkginfo\exceptions\regex\package-tree.html...
Generating javadoc_pkginfo\graph\base\package-summary.html...
Generating javadoc_pkginfo\graph\base\package-tree.html...
Generating javadoc_pkginfo\graph\mdg\package-summary.html...
Generating javadoc_pkginfo\graph\mdg\package-tree.html...
Generating javadoc_pkginfo\io\package-summary.html...
Generating javadoc_pkginfo\io\package-tree.html...
Generating javadoc_pkginfo\machine\package-summary.html...
Generating javadoc_pkginfo\machine\package-tree.html...
Generating javadoc_pkginfo\regex\package-summary.html...
Generating javadoc_pkginfo\regex\package-tree.html...
Generating javadoc_pkginfo\util\package-summary.html...
Generating javadoc_pkginfo\util\package-tree.html...
Generating javadoc_pkginfo\serialized-form.html...
Generating javadoc_pkginfo\overview-tree.html...
Generating javadoc_pkginfo\deprecated-list.html...
Generating javadoc_pkginfo\index.html...
Building index for all classes...
Generating javadoc_pkginfo\allclasses-index.html...
Generating javadoc_pkginfo\allpackages-index.html...
Generating javadoc_pkginfo\index-all.html...
Generating javadoc_pkginfo\search.html...
Generating javadoc_pkginfo\overview-summary.html...
Generating javadoc_pkginfo\help-doc.html...
100 warnings
