Loading source file d:\Project\oop1-project-T4--Finite-state_machine-\src\app\Main.java...
Loading source file d:\Project\oop1-project-T4--Finite-state_machine-\src\app\package-info.java...
Loading source file d:\Project\oop1-project-T4--Finite-state_machine-\src\cli\CommandHandler.java...
Loading source file d:\Project\oop1-project-T4--Finite-state_machine-\src\cli\command\Command.java...
Loading source file d:\Project\oop1-project-T4--Finite-state_machine-\src\cli\command\CommandLineTokenizer.java...
Loading source file d:\Project\oop1-project-T4--Finite-state_machine-\src\cli\command\CommandToken.java...
Loading source file d:\Project\oop1-project-T4--Finite-state_machine-\src\cli\command\package-info.java...
Loading source file d:\Project\oop1-project-T4--Finite-state_machine-\src\cli\command\commands\AbstractArityCommand.java...
Loading source file d:\Project\oop1-project-T4--Finite-state_machine-\src\cli\command\commands\package-info.java...
Loading source file d:\Project\oop1-project-T4--Finite-state_machine-\src\cli\command\commands\base\ExitCommand.java...
Loading source file d:\Project\oop1-project-T4--Finite-state_machine-\src\cli\command\commands\base\HelpCommand.java...
Loading source file d:\Project\oop1-project-T4--Finite-state_machine-\src\cli\command\commands\base\package-info.java...
Loading source file d:\Project\oop1-project-T4--Finite-state_machine-\src\cli\command\commands\file\CloseCommand.java...
Loading source file d:\Project\oop1-project-T4--Finite-state_machine-\src\cli\command\commands\file\OpenCommand.java...
Loading source file d:\Project\oop1-project-T4--Finite-state_machine-\src\cli\command\commands\file\package-info.java...
Loading source file d:\Project\oop1-project-T4--Finite-state_machine-\src\cli\command\commands\file\SaveAsCommand.java...
Loading source file d:\Project\oop1-project-T4--Finite-state_machine-\src\cli\command\commands\file\SaveCommand.java...
Loading source file d:\Project\oop1-project-T4--Finite-state_machine-\src\cli\command\commands\machine\CliIdParser.java...
Loading source file d:\Project\oop1-project-T4--Finite-state_machine-\src\cli\command\commands\machine\ConcatCommand.java...
Loading source file d:\Project\oop1-project-T4--Finite-state_machine-\src\cli\command\commands\machine\DeterministicCommand.java...
Loading source file d:\Project\oop1-project-T4--Finite-state_machine-\src\cli\command\commands\machine\EmptyCommand.java...
Loading source file d:\Project\oop1-project-T4--Finite-state_machine-\src\cli\command\commands\machine\ListCommand.java...
Loading source file d:\Project\oop1-project-T4--Finite-state_machine-\src\cli\command\commands\machine\package-info.java...
Loading source file d:\Project\oop1-project-T4--Finite-state_machine-\src\cli\command\commands\machine\PrintCommand.java...
Loading source file d:\Project\oop1-project-T4--Finite-state_machine-\src\cli\command\commands\machine\RecognizeCommand.java...
Loading source file d:\Project\oop1-project-T4--Finite-state_machine-\src\cli\command\commands\machine\RegCommand.java...
Loading source file d:\Project\oop1-project-T4--Finite-state_machine-\src\cli\command\commands\machine\SaveMachineCommand.java...
Loading source file d:\Project\oop1-project-T4--Finite-state_machine-\src\cli\command\commands\machine\UnCommand.java...
Loading source file d:\Project\oop1-project-T4--Finite-state_machine-\src\cli\command\commands\machine\UnionCommand.java...
Loading source file d:\Project\oop1-project-T4--Finite-state_machine-\src\cli\command\factory\CommandFactory.java...
Loading source file d:\Project\oop1-project-T4--Finite-state_machine-\src\cli\command\factory\CommandFactoryRegistry.java...
Loading source file d:\Project\oop1-project-T4--Finite-state_machine-\src\cli\command\factory\package-info.java...
Loading source file d:\Project\oop1-project-T4--Finite-state_machine-\src\cli\command\factory\impl\CloseCommandFactory.java...
Loading source file d:\Project\oop1-project-T4--Finite-state_machine-\src\cli\command\factory\impl\ConcatCommandFactory.java...
Loading source file d:\Project\oop1-project-T4--Finite-state_machine-\src\cli\command\factory\impl\DeterministicCommandFactory.java...
Loading source file d:\Project\oop1-project-T4--Finite-state_machine-\src\cli\command\factory\impl\EmptyCommandFactory.java...
Loading source file d:\Project\oop1-project-T4--Finite-state_machine-\src\cli\command\factory\impl\ExitCommandFactory.java...
Loading source file d:\Project\oop1-project-T4--Finite-state_machine-\src\cli\command\factory\impl\HelpCommandFactory.java...
Loading source file d:\Project\oop1-project-T4--Finite-state_machine-\src\cli\command\factory\impl\ListCommandFactory.java...
Loading source file d:\Project\oop1-project-T4--Finite-state_machine-\src\cli\command\factory\impl\OpenCommandFactory.java...
Loading source file d:\Project\oop1-project-T4--Finite-state_machine-\src\cli\command\factory\impl\package-info.java...
Loading source file d:\Project\oop1-project-T4--Finite-state_machine-\src\cli\command\factory\impl\PrintCommandFactory.java...
Loading source file d:\Project\oop1-project-T4--Finite-state_machine-\src\cli\command\factory\impl\RecognizeCommandFactory.java...
Loading source file d:\Project\oop1-project-T4--Finite-state_machine-\src\cli\command\factory\impl\RegCommandFactory.java...
Loading source file d:\Project\oop1-project-T4--Finite-state_machine-\src\cli\command\factory\impl\SaveAsCommandFactory.java...
Loading source file d:\Project\oop1-project-T4--Finite-state_machine-\src\cli\command\factory\impl\SaveCommandFactory.java...
Loading source file d:\Project\oop1-project-T4--Finite-state_machine-\src\cli\command\factory\impl\SaveMachineCommandFactory.java...
Loading source file d:\Project\oop1-project-T4--Finite-state_machine-\src\cli\command\factory\impl\UnCommandFactory.java...
Loading source file d:\Project\oop1-project-T4--Finite-state_machine-\src\cli\command\factory\impl\UnionCommandFactory.java...
Loading source file d:\Project\oop1-project-T4--Finite-state_machine-\src\cli\operations\Operation.java...
Loading source file d:\Project\oop1-project-T4--Finite-state_machine-\src\cli\operations\package-info.java...
Loading source file d:\Project\oop1-project-T4--Finite-state_machine-\src\cli\runtime\CliContext.java...
Loading source file d:\Project\oop1-project-T4--Finite-state_machine-\src\cli\runtime\package-info.java...
Loading source file d:\Project\oop1-project-T4--Finite-state_machine-\src\exceptions\cli\CliException.java...
Loading source file d:\Project\oop1-project-T4--Finite-state_machine-\src\exceptions\cli\InvalidCommandArgumentsException.java...
Loading source file d:\Project\oop1-project-T4--Finite-state_machine-\src\exceptions\cli\package-info.java...
Loading source file d:\Project\oop1-project-T4--Finite-state_machine-\src\exceptions\cli\UnknownCommandTokenException.java...
Loading source file d:\Project\oop1-project-T4--Finite-state_machine-\src\exceptions\facade\MachineNotFoundException.java...
Loading source file d:\Project\oop1-project-T4--Finite-state_machine-\src\exceptions\facade\package-info.java...
Loading source file d:\Project\oop1-project-T4--Finite-state_machine-\src\exceptions\graph\DuplicateEdgeException.java...
Loading source file d:\Project\oop1-project-T4--Finite-state_machine-\src\exceptions\graph\DuplicateNodeException.java...
Loading source file d:\Project\oop1-project-T4--Finite-state_machine-\src\exceptions\graph\EdgeNotFoundException.java...
Loading source file d:\Project\oop1-project-T4--Finite-state_machine-\src\exceptions\graph\GraphException.java...
Loading source file d:\Project\oop1-project-T4--Finite-state_machine-\src\exceptions\graph\InvalidNodeNameException.java...
Loading source file d:\Project\oop1-project-T4--Finite-state_machine-\src\exceptions\graph\NodeNotFoundException.java...
Loading source file d:\Project\oop1-project-T4--Finite-state_machine-\src\exceptions\graph\package-info.java...
Loading source file d:\Project\oop1-project-T4--Finite-state_machine-\src\exceptions\machine\InvalidAlphabetException.java...
Loading source file d:\Project\oop1-project-T4--Finite-state_machine-\src\exceptions\machine\InvalidStateException.java...
Loading source file d:\Project\oop1-project-T4--Finite-state_machine-\src\exceptions\machine\InvalidSymbolException.java...
Loading source file d:\Project\oop1-project-T4--Finite-state_machine-\src\exceptions\machine\MachineException.java...
Loading source file d:\Project\oop1-project-T4--Finite-state_machine-\src\exceptions\machine\package-info.java...
Loading source file d:\Project\oop1-project-T4--Finite-state_machine-\src\exceptions\regex\package-info.java...
Loading source file d:\Project\oop1-project-T4--Finite-state_machine-\src\exceptions\regex\RegexParseException.java...
Loading source file d:\Project\oop1-project-T4--Finite-state_machine-\src\io\FileSystem.java...
Loading source file d:\Project\oop1-project-T4--Finite-state_machine-\src\io\MachineXmlStore.java...
Loading source file d:\Project\oop1-project-T4--Finite-state_machine-\src\io\package-info.java...
Loading source file d:\Project\oop1-project-T4--Finite-state_machine-\src\io\RegistryFileSession.java...
Loading source file d:\Project\oop1-project-T4--Finite-state_machine-\src\io\TextDatabase.java...
Loading source file d:\Project\oop1-project-T4--Finite-state_machine-\src\machine\MachineFacade.java...
Loading source file d:\Project\oop1-project-T4--Finite-state_machine-\src\machine\MachineRegistry.java...
Loading source file d:\Project\oop1-project-T4--Finite-state_machine-\src\machine\MultiedgeFinateLogicMachine.java...
Loading source file d:\Project\oop1-project-T4--Finite-state_machine-\src\machine\package-info.java...
Loading source file d:\Project\oop1-project-T4--Finite-state_machine-\src\machine\RegexParser.java...
Loading source file d:\Project\oop1-project-T4--Finite-state_machine-\src\machine\graph\base\Edge.java...
Loading source file d:\Project\oop1-project-T4--Finite-state_machine-\src\machine\graph\base\Graph.java...
Loading source file d:\Project\oop1-project-T4--Finite-state_machine-\src\machine\graph\base\Node.java...
Loading source file d:\Project\oop1-project-T4--Finite-state_machine-\src\machine\graph\base\package-info.java...
Loading source file d:\Project\oop1-project-T4--Finite-state_machine-\src\machine\graph\mdg\MDGEdge.java...
Loading source file d:\Project\oop1-project-T4--Finite-state_machine-\src\machine\graph\mdg\MDGNode.java...
Loading source file d:\Project\oop1-project-T4--Finite-state_machine-\src\machine\graph\mdg\MultiedgeDirectedGraph.java...
Loading source file d:\Project\oop1-project-T4--Finite-state_machine-\src\machine\graph\mdg\package-info.java...
Loading source file d:\Project\oop1-project-T4--Finite-state_machine-\src\regex\package-info.java...
Loading source file d:\Project\oop1-project-T4--Finite-state_machine-\src\regex\RegexParser.java...
Loading source file d:\Project\oop1-project-T4--Finite-state_machine-\src\regex\RegexToken.java...
Loading source file d:\Project\oop1-project-T4--Finite-state_machine-\src\regex\RegexTokenizer.java...
Loading source file d:\Project\oop1-project-T4--Finite-state_machine-\src\regex\RegexToPostfix.java...
Loading source file d:\Project\oop1-project-T4--Finite-state_machine-\src\regex\ThompsonBuilder.java...
Loading source file d:\Project\oop1-project-T4--Finite-state_machine-\src\util\IPrinter.java...
Loading source file d:\Project\oop1-project-T4--Finite-state_machine-\src\util\package-info.java...
Constructing Javadoc information...
Building index for all the packages and classes...
Standard Doclet version 21.0.9+10-LTS
Building tree for all the packages and classes...
Generating javadoc_doccheck\cli\command\commands\AbstractArityCommand.html...
Generating javadoc_doccheck\cli\runtime\CliContext.html...
Generating javadoc_doccheck\exceptions\cli\CliException.html...
d:\Project\oop1-project-T4--Finite-state_machine-\src\exceptions\cli\CliException.java:17: warning: no main description
     * @param message ??????????? ????? ?? ????????
       ^
d:\Project\oop1-project-T4--Finite-state_machine-\src\exceptions\cli\CliException.java:24: warning: no main description
     * @param message ??????????? ????? ?? ????????
       ^
Generating javadoc_doccheck\cli\command\commands\file\CloseCommand.html...
Generating javadoc_doccheck\cli\command\factory\impl\CloseCommandFactory.html...
d:\Project\oop1-project-T4--Finite-state_machine-\src\cli\command\factory\CommandFactory.java:27: warning: no main description
     * @return ???????, ?? ????? ???? ??????? ??????? ???????
       ^
d:\Project\oop1-project-T4--Finite-state_machine-\src\cli\command\factory\impl\CloseCommandFactory.java:22: warning: no main description
     * @param ctx CLI ????????, ????? ?? ?????? ??? ?????????
       ^
Generating javadoc_doccheck\cli\command\Command.html...
Generating javadoc_doccheck\cli\command\factory\CommandFactory.html...
Generating javadoc_doccheck\cli\command\factory\CommandFactoryRegistry.html...
d:\Project\oop1-project-T4--Finite-state_machine-\src\cli\command\factory\CommandFactoryRegistry.java:30: warning: use of default constructor, which does not provide a comment
public class CommandFactoryRegistry {
       ^
Generating javadoc_doccheck\cli\command\CommandHandler.html...
d:\Project\oop1-project-T4--Finite-state_machine-\src\cli\CommandHandler.java:80: warning: no comment
    public static CommandHandler getInstance() {
                                 ^
Generating javadoc_doccheck\cli\command\CommandToken.html...
d:\Project\oop1-project-T4--Finite-state_machine-\src\cli\command\CommandToken.java:25: warning: no comment
    CLOSE,
    ^
d:\Project\oop1-project-T4--Finite-state_machine-\src\cli\command\CommandToken.java:37: warning: no comment
    CONCAT,
    ^
d:\Project\oop1-project-T4--Finite-state_machine-\src\cli\command\CommandToken.java:34: warning: no comment
    DETERMINISTIC,
    ^
d:\Project\oop1-project-T4--Finite-state_machine-\src\cli\command\CommandToken.java:33: warning: no comment
    EMPTY,
    ^
d:\Project\oop1-project-T4--Finite-state_machine-\src\cli\command\CommandToken.java:29: warning: no comment
    EXIT,
    ^
d:\Project\oop1-project-T4--Finite-state_machine-\src\cli\command\CommandToken.java:28: warning: no comment
    HELP,
    ^
d:\Project\oop1-project-T4--Finite-state_machine-\src\cli\command\CommandToken.java:30: warning: no comment
    LIST,
    ^
d:\Project\oop1-project-T4--Finite-state_machine-\src\cli\command\CommandToken.java:24: warning: no comment
    OPEN,
    ^
d:\Project\oop1-project-T4--Finite-state_machine-\src\cli\command\CommandToken.java:31: warning: no comment
    PRINT,
    ^
d:\Project\oop1-project-T4--Finite-state_machine-\src\cli\command\CommandToken.java:35: warning: no comment
    RECOGNIZE,
    ^
d:\Project\oop1-project-T4--Finite-state_machine-\src\cli\command\CommandToken.java:39: warning: no comment
    REG;
    ^
d:\Project\oop1-project-T4--Finite-state_machine-\src\cli\command\CommandToken.java:26: warning: no comment
    SAVE,
    ^
d:\Project\oop1-project-T4--Finite-state_machine-\src\cli\command\CommandToken.java:27: warning: no comment
    SAVE_AS,
    ^
d:\Project\oop1-project-T4--Finite-state_machine-\src\cli\command\CommandToken.java:32: warning: no comment
    SAVEM,
    ^
d:\Project\oop1-project-T4--Finite-state_machine-\src\cli\command\CommandToken.java:38: warning: no comment
    UN,
    ^
d:\Project\oop1-project-T4--Finite-state_machine-\src\cli\command\CommandToken.java:36: warning: no comment
    UNION,
    ^
Generating javadoc_doccheck\cli\command\commands\machine\ConcatCommand.html...
d:\Project\oop1-project-T4--Finite-state_machine-\src\machine\MachineFacade.java:26: warning: no main description
     * @param registry ??????????, ????? ????? ???????? ??????
       ^
d:\Project\oop1-project-T4--Finite-state_machine-\src\machine\MachineFacade.java:33: warning: no main description
     * @return ?????? ID-?? ?? ?????? ? ??????? ????????
       ^
d:\Project\oop1-project-T4--Finite-state_machine-\src\machine\MachineFacade.java:56: warning: no main description
     * @param id ID ?? ??????
       ^
d:\Project\oop1-project-T4--Finite-state_machine-\src\machine\MachineFacade.java:65: warning: no main description
     * @param id ID ?? ??????
       ^
d:\Project\oop1-project-T4--Finite-state_machine-\src\machine\MachineFacade.java:94: warning: no @throws for exceptions.graph.GraphException
    public int union(int id1, int id2) throws GraphException, InvalidStateException, InvalidSymbolException, InvalidAlphabetException {
               ^
d:\Project\oop1-project-T4--Finite-state_machine-\src\machine\MachineFacade.java:94: warning: no @throws for exceptions.machine.InvalidStateException
    public int union(int id1, int id2) throws GraphException, InvalidStateException, InvalidSymbolException, InvalidAlphabetException {
               ^
d:\Project\oop1-project-T4--Finite-state_machine-\src\machine\MachineFacade.java:94: warning: no @throws for exceptions.machine.InvalidSymbolException
    public int union(int id1, int id2) throws GraphException, InvalidStateException, InvalidSymbolException, InvalidAlphabetException {
               ^
d:\Project\oop1-project-T4--Finite-state_machine-\src\machine\MachineFacade.java:94: warning: no @throws for exceptions.machine.InvalidAlphabetException
    public int union(int id1, int id2) throws GraphException, InvalidStateException, InvalidSymbolException, InvalidAlphabetException {
               ^
d:\Project\oop1-project-T4--Finite-state_machine-\src\machine\MachineFacade.java:113: warning: no @throws for exceptions.graph.GraphException
    public int concat(int id1, int id2) throws GraphException, InvalidStateException, InvalidSymbolException, InvalidAlphabetException {
               ^
d:\Project\oop1-project-T4--Finite-state_machine-\src\machine\MachineFacade.java:113: warning: no @throws for exceptions.machine.InvalidStateException
    public int concat(int id1, int id2) throws GraphException, InvalidStateException, InvalidSymbolException, InvalidAlphabetException {
               ^
d:\Project\oop1-project-T4--Finite-state_machine-\src\machine\MachineFacade.java:113: warning: no @throws for exceptions.machine.InvalidSymbolException
    public int concat(int id1, int id2) throws GraphException, InvalidStateException, InvalidSymbolException, InvalidAlphabetException {
               ^
d:\Project\oop1-project-T4--Finite-state_machine-\src\machine\MachineFacade.java:113: warning: no @throws for exceptions.machine.InvalidAlphabetException
    public int concat(int id1, int id2) throws GraphException, InvalidStateException, InvalidSymbolException, InvalidAlphabetException {
               ^
d:\Project\oop1-project-T4--Finite-state_machine-\src\machine\MachineFacade.java:132: warning: no @throws for exceptions.graph.GraphException
    public int un(int id) throws GraphException, InvalidStateException, InvalidSymbolException, InvalidAlphabetException {
               ^
d:\Project\oop1-project-T4--Finite-state_machine-\src\machine\MachineFacade.java:132: warning: no @throws for exceptions.machine.InvalidStateException
    public int un(int id) throws GraphException, InvalidStateException, InvalidSymbolException, InvalidAlphabetException {
               ^
d:\Project\oop1-project-T4--Finite-state_machine-\src\machine\MachineFacade.java:132: warning: no @throws for exceptions.machine.InvalidSymbolException
    public int un(int id) throws GraphException, InvalidStateException, InvalidSymbolException, InvalidAlphabetException {
               ^
d:\Project\oop1-project-T4--Finite-state_machine-\src\machine\MachineFacade.java:132: warning: no @throws for exceptions.machine.InvalidAlphabetException
    public int un(int id) throws GraphException, InvalidStateException, InvalidSymbolException, InvalidAlphabetException {
               ^
Generating javadoc_doccheck\cli\command\factory\impl\ConcatCommandFactory.html...
d:\Project\oop1-project-T4--Finite-state_machine-\src\cli\command\factory\impl\ConcatCommandFactory.java:19: warning: no main description
     * @param ctx CLI ????????
       ^
Generating javadoc_doccheck\cli\command\commands\machine\DeterministicCommand.html...
Generating javadoc_doccheck\cli\command\factory\impl\DeterministicCommandFactory.html...
d:\Project\oop1-project-T4--Finite-state_machine-\src\cli\command\factory\impl\DeterministicCommandFactory.java:19: warning: no main description
     * @param ctx CLI ????????
       ^
Generating javadoc_doccheck\exceptions\graph\DuplicateEdgeException.html...
d:\Project\oop1-project-T4--Finite-state_machine-\src\exceptions\graph\GraphException.java:14: warning: no main description
     * @param message ??????????? ????? ?? ????????
       ^
d:\Project\oop1-project-T4--Finite-state_machine-\src\exceptions\graph\GraphException.java:21: warning: no main description
     * @param message ??????????? ????? ?? ????????
       ^
d:\Project\oop1-project-T4--Finite-state_machine-\src\exceptions\graph\DuplicateEdgeException.java:13: warning: no main description
     * @param message ???????? ?? ???????? (????. ??? ????? ?? ???????)
       ^
Generating javadoc_doccheck\exceptions\graph\DuplicateNodeException.html...
d:\Project\oop1-project-T4--Finite-state_machine-\src\exceptions\graph\DuplicateNodeException.java:13: warning: no main description
     * @param message ???????? ?? ????????
       ^
Generating javadoc_doccheck\graph\base\Edge.html...
d:\Project\oop1-project-T4--Finite-state_machine-\src\machine\graph\base\Edge.java:15: warning: no comment
    N getFrom();
      ^
d:\Project\oop1-project-T4--Finite-state_machine-\src\machine\graph\base\Edge.java:19: warning: no comment
    Character getLabel();
              ^
d:\Project\oop1-project-T4--Finite-state_machine-\src\machine\graph\base\Edge.java:17: warning: no comment
    N getTo();
      ^
Generating javadoc_doccheck\exceptions\graph\EdgeNotFoundException.html...
d:\Project\oop1-project-T4--Finite-state_machine-\src\exceptions\graph\EdgeNotFoundException.java:12: warning: no main description
     * @param message ???????? ?? ????????
       ^
Generating javadoc_doccheck\cli\command\commands\machine\EmptyCommand.html...
Generating javadoc_doccheck\cli\command\factory\impl\EmptyCommandFactory.html...
d:\Project\oop1-project-T4--Finite-state_machine-\src\cli\command\factory\impl\EmptyCommandFactory.java:19: warning: no main description
     * @param ctx CLI ????????
       ^
Generating javadoc_doccheck\cli\command\commands\base\ExitCommand.html...
Generating javadoc_doccheck\cli\command\factory\impl\ExitCommandFactory.html...
d:\Project\oop1-project-T4--Finite-state_machine-\src\cli\command\factory\impl\ExitCommandFactory.java:19: warning: no main description
     * @param ctx CLI ????????
       ^
Generating javadoc_doccheck\graph\base\Graph.html...
d:\Project\oop1-project-T4--Finite-state_machine-\src\machine\graph\base\Graph.java:26: warning: no main description
     * @return ?????? ? ?????? ????? ? ????? (????????? ?????????)
       ^
d:\Project\oop1-project-T4--Finite-state_machine-\src\machine\graph\base\Graph.java:47: warning: no main description
     * @param node ?????
       ^
d:\Project\oop1-project-T4--Finite-state_machine-\src\machine\graph\base\Graph.java:72: warning: no main description
     * @param from ??????? ?????
       ^
d:\Project\oop1-project-T4--Finite-state_machine-\src\machine\graph\base\Graph.java:90: warning: no main description
     * @return ???? ????? ? ?????
       ^
d:\Project\oop1-project-T4--Finite-state_machine-\src\machine\graph\base\Graph.java:95: warning: no main description
     * @return ??? ???? ????? ? ?????
       ^
d:\Project\oop1-project-T4--Finite-state_machine-\src\machine\graph\base\Graph.java:100: warning: no main description
     * @param node ?????
       ^
Generating javadoc_doccheck\exceptions\graph\GraphException.html...
Generating javadoc_doccheck\cli\command\commands\base\HelpCommand.html...
Generating javadoc_doccheck\cli\command\factory\impl\HelpCommandFactory.html...
d:\Project\oop1-project-T4--Finite-state_machine-\src\cli\command\factory\impl\HelpCommandFactory.java:19: warning: no main description
     * @param ctx CLI ????????
       ^
Generating javadoc_doccheck\exceptions\machine\InvalidAlphabetException.html...
d:\Project\oop1-project-T4--Finite-state_machine-\src\exceptions\machine\MachineException.java:13: warning: no main description
     * @param message ??????????? ????? ?? ????????
       ^
d:\Project\oop1-project-T4--Finite-state_machine-\src\exceptions\machine\MachineException.java:20: warning: no main description
     * @param message ??????????? ????? ?? ????????
       ^
d:\Project\oop1-project-T4--Finite-state_machine-\src\exceptions\machine\InvalidAlphabetException.java:13: warning: no main description
     * @param message ???????? ?? ????????
       ^
Generating javadoc_doccheck\exceptions\cli\InvalidCommandArgumentsException.html...
d:\Project\oop1-project-T4--Finite-state_machine-\src\exceptions\cli\InvalidCommandArgumentsException.java:13: warning: no main description
     * @param message ?????? ????? ? ????????? ??? ?????
       ^
Generating javadoc_doccheck\exceptions\graph\InvalidNodeNameException.html...
d:\Project\oop1-project-T4--Finite-state_machine-\src\exceptions\graph\InvalidNodeNameException.java:13: warning: no main description
     * @param message ???????? ?? ????????
       ^
Generating javadoc_doccheck\exceptions\machine\InvalidStateException.html...
d:\Project\oop1-project-T4--Finite-state_machine-\src\exceptions\machine\InvalidStateException.java:13: warning: no main description
     * @param message ???????? ?? ????????
       ^
Generating javadoc_doccheck\exceptions\machine\InvalidSymbolException.html...
d:\Project\oop1-project-T4--Finite-state_machine-\src\exceptions\machine\InvalidSymbolException.java:13: warning: no main description
     * @param message ???????? ?? ????????
       ^
Generating javadoc_doccheck\util\IPrinter.html...
Generating javadoc_doccheck\cli\command\commands\machine\ListCommand.html...
Generating javadoc_doccheck\cli\command\factory\impl\ListCommandFactory.html...
d:\Project\oop1-project-T4--Finite-state_machine-\src\cli\command\factory\impl\ListCommandFactory.java:19: warning: no main description
     * @param ctx CLI ????????
       ^
Generating javadoc_doccheck\exceptions\machine\MachineException.html...
Generating javadoc_doccheck\machine\MachineFacade.html...
Generating javadoc_doccheck\exceptions\facade\MachineNotFoundException.html...
d:\Project\oop1-project-T4--Finite-state_machine-\src\exceptions\facade\MachineNotFoundException.java:18: warning: no main description
     * @param message ???????? ?? ????????
       ^
Generating javadoc_doccheck\machine\MachineRegistry.html...
d:\Project\oop1-project-T4--Finite-state_machine-\src\machine\MachineRegistry.java:93: warning: no main description
     * @return ????????? ?? ?????? ??????? ID-?? ? ?????????
       ^
d:\Project\oop1-project-T4--Finite-state_machine-\src\machine\MachineRegistry.java:15: warning: use of default constructor, which does not provide a comment
public final class MachineRegistry {
             ^
Generating javadoc_doccheck\io\MachineXmlStore.html...
d:\Project\oop1-project-T4--Finite-state_machine-\src\io\MachineXmlStore.java:63: warning: use of default constructor, which does not provide a comment
public final class MachineXmlStore {
             ^
Generating javadoc_doccheck\app\Main.html...
d:\Project\oop1-project-T4--Finite-state_machine-\src\app\Main.java:20: warning: use of default constructor, which does not provide a comment
public class Main {
       ^
Generating javadoc_doccheck\graph\mdg\MDGEdge.html...
d:\Project\oop1-project-T4--Finite-state_machine-\src\machine\graph\mdg\MDGEdge.java:7: warning: no comment
public class MDGEdge implements Edge<MDGNode> {
       ^
d:\Project\oop1-project-T4--Finite-state_machine-\src\machine\graph\mdg\MDGEdge.java:12: warning: no comment
    public MDGEdge(MDGNode from, MDGNode to) {
           ^
d:\Project\oop1-project-T4--Finite-state_machine-\src\machine\graph\mdg\MDGEdge.java:16: warning: no comment
    public MDGEdge(MDGNode from, MDGNode to, Character label) {
           ^
Generating javadoc_doccheck\graph\mdg\MDGNode.html...
d:\Project\oop1-project-T4--Finite-state_machine-\src\machine\graph\base\Node.java:23: warning: no main description
     * @return ???/????????????? ?? ?????? (???????????)
       ^
d:\Project\oop1-project-T4--Finite-state_machine-\src\machine\graph\base\Node.java:28: warning: no main description
     * @return ????????? ?? ???????? ????? ?? ???? ?????
       ^
d:\Project\oop1-project-T4--Finite-state_machine-\src\machine\graph\mdg\MDGNode.java:11: warning: no comment
public class MDGNode implements Node<MDGEdge> {
       ^
d:\Project\oop1-project-T4--Finite-state_machine-\src\machine\graph\mdg\MDGNode.java:20: warning: no comment
    public MDGNode(String name) throws InvalidNodeNameException {
           ^
d:\Project\oop1-project-T4--Finite-state_machine-\src\machine\graph\mdg\MDGNode.java:35: warning: no comment
    public boolean addEdge(MDGEdge edge) {
                   ^
d:\Project\oop1-project-T4--Finite-state_machine-\src\machine\graph\mdg\MDGNode.java:83: warning: no comment
    public int getEdgesCount() {
               ^
d:\Project\oop1-project-T4--Finite-state_machine-\src\machine\graph\mdg\MDGNode.java:58: warning: no comment
    public boolean hasEdge(MDGEdge edge) {
                   ^
d:\Project\oop1-project-T4--Finite-state_machine-\src\machine\graph\mdg\MDGNode.java:43: warning: no comment
    public boolean hasEdgeTo(MDGNode to) {
                   ^
d:\Project\oop1-project-T4--Finite-state_machine-\src\machine\graph\mdg\MDGNode.java:51: warning: no comment
    public boolean hasEdgeWith(Character label) {
                   ^
d:\Project\oop1-project-T4--Finite-state_machine-\src\machine\graph\mdg\MDGNode.java:39: warning: no comment
    public boolean removeEdge(MDGEdge edge) {
                   ^
d:\Project\oop1-project-T4--Finite-state_machine-\src\machine\graph\mdg\MDGNode.java:63: warning: no comment
    public int removeEdges(MDGNode to) {
               ^
d:\Project\oop1-project-T4--Finite-state_machine-\src\machine\graph\mdg\MDGNode.java:76: warning: no comment
    public int removeEdges(MDGNode to, Character label) {
               ^
d:\Project\oop1-project-T4--Finite-state_machine-\src\machine\graph\mdg\MDGNode.java:70: warning: no comment
    public int removeEdges(Character label) {
               ^
Generating javadoc_doccheck\graph\mdg\MultiedgeDirectedGraph.html...
d:\Project\oop1-project-T4--Finite-state_machine-\src\machine\graph\mdg\MultiedgeDirectedGraph.java:12: warning: no comment
public class MultiedgeDirectedGraph implements Graph<MDGNode, MDGEdge> {
       ^
d:\Project\oop1-project-T4--Finite-state_machine-\src\machine\graph\mdg\MultiedgeDirectedGraph.java:13: warning: no comment
    protected HashMap<String, MDGNode> nodes = new HashMap<>();
                                       ^
d:\Project\oop1-project-T4--Finite-state_machine-\src\machine\graph\mdg\MultiedgeDirectedGraph.java:12: warning: use of default constructor, which does not provide a comment
public class MultiedgeDirectedGraph implements Graph<MDGNode, MDGEdge> {
       ^
Generating javadoc_doccheck\machine\MultiedgeFinateLogicMachine.html...
d:\Project\oop1-project-T4--Finite-state_machine-\src\machine\MultiedgeFinateLogicMachine.java:153: warning: no @param for node1
    public void cutState(MDGNode node1, MDGNode node2) throws GraphException, InvalidStateException {
                ^
d:\Project\oop1-project-T4--Finite-state_machine-\src\machine\MultiedgeFinateLogicMachine.java:153: warning: no @param for node2
    public void cutState(MDGNode node1, MDGNode node2) throws GraphException, InvalidStateException {
                ^
d:\Project\oop1-project-T4--Finite-state_machine-\src\machine\MultiedgeFinateLogicMachine.java:153: warning: no @throws for exceptions.graph.GraphException
    public void cutState(MDGNode node1, MDGNode node2) throws GraphException, InvalidStateException {
                ^
d:\Project\oop1-project-T4--Finite-state_machine-\src\machine\MultiedgeFinateLogicMachine.java:153: warning: no @throws for exceptions.machine.InvalidStateException
    public void cutState(MDGNode node1, MDGNode node2) throws GraphException, InvalidStateException {
                ^
d:\Project\oop1-project-T4--Finite-state_machine-\src\machine\MultiedgeFinateLogicMachine.java:32: warning: no comment
    public MultiedgeFinateLogicMachine(Set<Character> alphabet) throws InvalidAlphabetException {
           ^
d:\Project\oop1-project-T4--Finite-state_machine-\src\machine\MultiedgeFinateLogicMachine.java:40: warning: no comment
    public MultiedgeFinateLogicMachine(Set<Character> alphabet, MultiedgeDirectedGraph graph) throws InvalidAlphabetException {
           ^
d:\Project\oop1-project-T4--Finite-state_machine-\src\machine\MultiedgeFinateLogicMachine.java:103: warning: no comment
    public void addAcceptState(MDGNode state) throws GraphException, InvalidStateException {
                ^
d:\Project\oop1-project-T4--Finite-state_machine-\src\machine\MultiedgeFinateLogicMachine.java:82: warning: no comment
    public void addStartState(MDGNode state) throws GraphException, InvalidStateException {
                ^
d:\Project\oop1-project-T4--Finite-state_machine-\src\machine\MultiedgeFinateLogicMachine.java:78: warning: no comment
    public void addState(MDGNode state) throws GraphException, InvalidStateException {
                ^
d:\Project\oop1-project-T4--Finite-state_machine-\src\machine\MultiedgeFinateLogicMachine.java:123: warning: no comment
    public void addTransition(MDGNode from, MDGNode to, Character label)
                ^
d:\Project\oop1-project-T4--Finite-state_machine-\src\machine\MultiedgeFinateLogicMachine.java:115: warning: no comment
    public Set<MDGNode> getAcceptStates() throws InvalidStateException {
                        ^
Generating javadoc_doccheck\graph\base\Node.html...
Generating javadoc_doccheck\exceptions\graph\NodeNotFoundException.html...
Generating javadoc_doccheck\cli\command\commands\file\OpenCommand.html...
Generating javadoc_doccheck\cli\command\factory\impl\OpenCommandFactory.html...
Generating javadoc_doccheck\cli\operations\Operation.html...
Generating javadoc_doccheck\cli\command\commands\machine\PrintCommand.html...
Generating javadoc_doccheck\cli\command\factory\impl\PrintCommandFactory.html...
Generating javadoc_doccheck\cli\command\commands\machine\RecognizeCommand.html...
Generating javadoc_doccheck\cli\command\factory\impl\RecognizeCommandFactory.html...
Generating javadoc_doccheck\cli\command\commands\machine\RegCommand.html...
Generating javadoc_doccheck\cli\command\factory\impl\RegCommandFactory.html...
Generating javadoc_doccheck\exceptions\regex\RegexParseException.html...
Generating javadoc_doccheck\machine\RegexParser.html...
Generating javadoc_doccheck\regex\RegexParser.html...
Generating javadoc_doccheck\io\RegistryFileSession.html...
Generating javadoc_doccheck\cli\command\commands\file\SaveAsCommand.html...
Generating javadoc_doccheck\cli\command\factory\impl\SaveAsCommandFactory.html...
Generating javadoc_doccheck\cli\command\commands\file\SaveCommand.html...
Generating javadoc_doccheck\cli\command\factory\impl\SaveCommandFactory.html...
Generating javadoc_doccheck\cli\command\commands\machine\SaveMachineCommand.html...
Generating javadoc_doccheck\cli\command\factory\impl\SaveMachineCommandFactory.html...
Generating javadoc_doccheck\io\TextDatabase.html...
Generating javadoc_doccheck\cli\command\commands\machine\UnCommand.html...
Generating javadoc_doccheck\cli\command\factory\impl\UnCommandFactory.html...
Generating javadoc_doccheck\cli\command\commands\machine\UnionCommand.html...
Generating javadoc_doccheck\cli\command\factory\impl\UnionCommandFactory.html...
Generating javadoc_doccheck\exceptions\cli\UnknownCommandTokenException.html...
Generating javadoc_doccheck\app\package-summary.html...
Generating javadoc_doccheck\app\package-tree.html...
Generating javadoc_doccheck\cli\command\package-summary.html...
Generating javadoc_doccheck\cli\command\package-tree.html...
Generating javadoc_doccheck\cli\command\commands\package-summary.html...
Generating javadoc_doccheck\cli\command\commands\package-tree.html...
Generating javadoc_doccheck\cli\command\commands\base\package-summary.html...
Generating javadoc_doccheck\cli\command\commands\base\package-tree.html...
Generating javadoc_doccheck\cli\command\commands\file\package-summary.html...
Generating javadoc_doccheck\cli\command\commands\file\package-tree.html...
Generating javadoc_doccheck\cli\command\commands\machine\package-summary.html...
Generating javadoc_doccheck\cli\command\commands\machine\package-tree.html...
Generating javadoc_doccheck\cli\command\factory\package-summary.html...
Generating javadoc_doccheck\cli\command\factory\package-tree.html...
Generating javadoc_doccheck\cli\command\factory\impl\package-summary.html...
Generating javadoc_doccheck\cli\command\factory\impl\package-tree.html...
Generating javadoc_doccheck\cli\operations\package-summary.html...
Generating javadoc_doccheck\cli\operations\package-tree.html...
Generating javadoc_doccheck\cli\runtime\package-summary.html...
Generating javadoc_doccheck\cli\runtime\package-tree.html...
Generating javadoc_doccheck\exceptions\cli\package-summary.html...
Generating javadoc_doccheck\exceptions\cli\package-tree.html...
Generating javadoc_doccheck\exceptions\facade\package-summary.html...
Generating javadoc_doccheck\exceptions\facade\package-tree.html...
Generating javadoc_doccheck\exceptions\graph\package-summary.html...
Generating javadoc_doccheck\exceptions\graph\package-tree.html...
Generating javadoc_doccheck\exceptions\machine\package-summary.html...
Generating javadoc_doccheck\exceptions\machine\package-tree.html...
Generating javadoc_doccheck\exceptions\regex\package-summary.html...
Generating javadoc_doccheck\exceptions\regex\package-tree.html...
Generating javadoc_doccheck\graph\base\package-summary.html...
Generating javadoc_doccheck\graph\base\package-tree.html...
Generating javadoc_doccheck\graph\mdg\package-summary.html...
Generating javadoc_doccheck\graph\mdg\package-tree.html...
Generating javadoc_doccheck\io\package-summary.html...
Generating javadoc_doccheck\io\package-tree.html...
Generating javadoc_doccheck\machine\package-summary.html...
Generating javadoc_doccheck\machine\package-tree.html...
Generating javadoc_doccheck\regex\package-summary.html...
Generating javadoc_doccheck\regex\package-tree.html...
Generating javadoc_doccheck\util\package-summary.html...
Generating javadoc_doccheck\util\package-tree.html...
Generating javadoc_doccheck\serialized-form.html...
Generating javadoc_doccheck\overview-tree.html...
Generating javadoc_doccheck\deprecated-list.html...
Generating javadoc_doccheck\index.html...
Building index for all classes...
Generating javadoc_doccheck\allclasses-index.html...
Generating javadoc_doccheck\allpackages-index.html...
Generating javadoc_doccheck\index-all.html...
Generating javadoc_doccheck\search.html...
Generating javadoc_doccheck\overview-summary.html...
Generating javadoc_doccheck\help-doc.html...
100 warnings
